###############################################################################
#
# IAR ANSI C/C++ Compiler V8.40.1.212/W32 for ARM         10/Oct/2019  17:32:53
# Copyright 1999-2019 IAR Systems AB.
#
#    Cpu mode     =  
#    Endian       =  little
#    Source file  =
#        D:\Projects\3DPrint\SRC\MM32-F070-DELTA-M200v3\Projects\src\marlin\mesh_bed_leveling.cpp
#    Command line =
#        -f C:\Users\yongzong\AppData\Local\Temp\EW87D.tmp
#        (D:\Projects\3DPrint\SRC\MM32-F070-DELTA-M200v3\Projects\src\marlin\mesh_bed_leveling.cpp
#        -D USE_STDPERIPH_DRIVER -D USE_STM32072B_EVAL -D STM32F072 -lcN
#        D:\Projects\3DPrint\SRC\MM32-F070-DELTA-M200v3\Projects\EWARM\DEBUG\List
#        -o
#        D:\Projects\3DPrint\SRC\MM32-F070-DELTA-M200v3\Projects\EWARM\DEBUG\Obj
#        --debug --endian=little --cpu=Cortex-M0 -e --fpu=None --dlib_config
#        "C:\Program Files (x86)\IAR Systems\Embedded Workbench
#        8.3\arm\inc\c\DLib_Config_Normal.h" -I
#        D:\Projects\3DPrint\SRC\MM32-F070-DELTA-M200v3\Projects\EWARM\..\ -I
#        D:\Projects\3DPrint\SRC\MM32-F070-DELTA-M200v3\Projects\EWARM\..\inc\
#        -I
#        D:\Projects\3DPrint\SRC\MM32-F070-DELTA-M200v3\Projects\EWARM\..\src\fs\
#        -I
#        D:\Projects\3DPrint\SRC\MM32-F070-DELTA-M200v3\Projects\EWARM\..\src\js\
#        -I
#        D:\Projects\3DPrint\SRC\MM32-F070-DELTA-M200v3\Projects\EWARM\..\src\marlin\
#        -I
#        D:\Projects\3DPrint\SRC\MM32-F070-DELTA-M200v3\Projects\EWARM\..\src\rtt\
#        -I
#        D:\Projects\3DPrint\SRC\MM32-F070-DELTA-M200v3\Projects\EWARM\..\src\usb\
#        -I
#        D:\Projects\3DPrint\SRC\MM32-F070-DELTA-M200v3\Projects\EWARM\..\..\Libraries\CMSIS\Device\ST\STM32F0xx\Include\
#        -I
#        D:\Projects\3DPrint\SRC\MM32-F070-DELTA-M200v3\Projects\EWARM\..\..\Libraries\STM32F0xx_StdPeriph_Driver\inc\
#        -I
#        D:\Projects\3DPrint\SRC\MM32-F070-DELTA-M200v3\Projects\EWARM\..\..\Libraries\STM32_USB_Device_Driver\inc\
#        -I
#        D:\Projects\3DPrint\SRC\MM32-F070-DELTA-M200v3\Projects\EWARM\..\..\Libraries\STM32_USB_Device_Library\Core\inc\
#        -I
#        D:\Projects\3DPrint\SRC\MM32-F070-DELTA-M200v3\Projects\EWARM\..\..\Libraries\STM32_USB_Device_Library\Class\cdc\inc\
#        -I
#        D:\Projects\3DPrint\SRC\MM32-F070-DELTA-M200v3\Projects\EWARM\..\..\Libraries\STM32_USB_Device_Library\Class\hid\inc\
#        -I
#        D:\Projects\3DPrint\SRC\MM32-F070-DELTA-M200v3\Projects\EWARM\..\..\Libraries\STM32_USB_Device_Library\Class\cdc_msc_wrapper\inc\
#        -I
#        D:\Projects\3DPrint\SRC\MM32-F070-DELTA-M200v3\Projects\EWARM\..\..\Libraries\STM32_USB_Device_Library\Class\msc\inc\
#        -Ohz --c++ --no_exceptions --no_rtti --no_static_destruction -I
#        "C:\Program Files (x86)\IAR Systems\Embedded Workbench
#        8.3\arm\CMSIS\Core\Include\" -I "C:\Program Files (x86)\IAR
#        Systems\Embedded Workbench 8.3\arm\CMSIS\DSP\Include\" --relaxed_fp)
#    Locale       =  C
#    List file    =
#        D:\Projects\3DPrint\SRC\MM32-F070-DELTA-M200v3\Projects\EWARM\DEBUG\List\mesh_bed_leveling.lst
#    Object file  =
#        D:\Projects\3DPrint\SRC\MM32-F070-DELTA-M200v3\Projects\EWARM\DEBUG\Obj\mesh_bed_leveling.o
#
###############################################################################

D:\Projects\3DPrint\SRC\MM32-F070-DELTA-M200v3\Projects\src\marlin\mesh_bed_leveling.cpp
      1          #include "mesh_bed_leveling.h"
      2          
      3          #if ENABLED(MESH_BED_LEVELING)
      4          
      5            mesh_bed_leveling mbl;
      6          
      7            mesh_bed_leveling::mesh_bed_leveling() { reset(); }
      8          
      9            void mesh_bed_leveling::reset() {
     10              active = 0;
     11              for (int y = 0; y < MESH_NUM_Y_POINTS; y++)
     12                for (int x = 0; x < MESH_NUM_X_POINTS; x++)
     13                  z_values[y][x] = 0;
     14            }
     15          
     16          #endif  // MESH_BED_LEVELING


 
 
 0 bytes of memory

Errors: none
Warnings: 5
