###############################################################################
#                                                                             #
# IAR ANSI C/C++ Compiler V6.70.1.5641/W32 for ARM      18/Jul/2017  22:40:20 #
# Copyright 1999-2013 IAR Systems AB.                                         #
#                                                                             #
#    Cpu mode     =  thumb                                                    #
#    Endian       =  little                                                   #
#    Source file  =  D:\Projects\3DPrint\SRC\MM32-F070-DELTA\Projects\src\rtt #
#                    \RTT_Syscalls_IAR.c                                      #
#    Command line =  D:\Projects\3DPrint\SRC\MM32-F070-DELTA\Projects\src\rtt #
#                    \RTT_Syscalls_IAR.c -D USE_STDPERIPH_DRIVER -D           #
#                    USE_STM32072B_EVAL -D STM32F072 -D PRINT_INFO -lcN       #
#                    D:\Projects\3DPrint\SRC\MM32-F070-DELTA\Projects\EWARM\D #
#                    EBUG\List\ -o D:\Projects\3DPrint\SRC\MM32-F070-DELTA\Pr #
#                    ojects\EWARM\DEBUG\Obj\ --debug --endian=little          #
#                    --cpu=Cortex-M0 -e --fpu=None --dlib_config "C:\Program  #
#                    Files (x86)\IAR Systems\Embedded Workbench               #
#                    6.5\arm\INC\c\DLib_Config_Normal.h" -I                   #
#                    D:\Projects\3DPrint\SRC\MM32-F070-DELTA\Projects\EWARM\. #
#                    .\ -I D:\Projects\3DPrint\SRC\MM32-F070-DELTA\Projects\E #
#                    WARM\..\inc\ -I D:\Projects\3DPrint\SRC\MM32-F070-DELTA\ #
#                    Projects\EWARM\..\src\fs\ -I                             #
#                    D:\Projects\3DPrint\SRC\MM32-F070-DELTA\Projects\EWARM\. #
#                    .\src\js\ -I D:\Projects\3DPrint\SRC\MM32-F070-DELTA\Pro #
#                    jects\EWARM\..\src\marlin\ -I                            #
#                    D:\Projects\3DPrint\SRC\MM32-F070-DELTA\Projects\EWARM\. #
#                    .\src\rtt\ -I D:\Projects\3DPrint\SRC\MM32-F070-DELTA\Pr #
#                    ojects\EWARM\..\src\usb\ -I                              #
#                    D:\Projects\3DPrint\SRC\MM32-F070-DELTA\Projects\EWARM\. #
#                    .\..\Libraries\CMSIS\Device\ST\STM32F0xx\Include\ -I     #
#                    D:\Projects\3DPrint\SRC\MM32-F070-DELTA\Projects\EWARM\. #
#                    .\..\Libraries\STM32F0xx_StdPeriph_Driver\inc\ -I        #
#                    D:\Projects\3DPrint\SRC\MM32-F070-DELTA\Projects\EWARM\. #
#                    .\..\Libraries\STM32_USB_Device_Driver\inc\ -I           #
#                    D:\Projects\3DPrint\SRC\MM32-F070-DELTA\Projects\EWARM\. #
#                    .\..\Libraries\STM32_USB_Device_Library\Core\inc\ -I     #
#                    D:\Projects\3DPrint\SRC\MM32-F070-DELTA\Projects\EWARM\. #
#                    .\..\Libraries\STM32_USB_Device_Library\Class\cdc\inc\   #
#                    -I D:\Projects\3DPrint\SRC\MM32-F070-DELTA\Projects\EWAR #
#                    M\..\..\Libraries\STM32_USB_Device_Library\Class\hid\inc #
#                    \ -I D:\Projects\3DPrint\SRC\MM32-F070-DELTA\Projects\EW #
#                    ARM\..\..\Libraries\STM32_USB_Device_Library\Class\cdc_m #
#                    sc_wrapper\inc\ -I D:\Projects\3DPrint\SRC\MM32-F070-DEL #
#                    TA\Projects\EWARM\..\..\Libraries\STM32_USB_Device_Libra #
#                    ry\Class\msc\inc\ -Ohz --use_c++_inline -I "C:\Program   #
#                    Files (x86)\IAR Systems\Embedded Workbench               #
#                    6.5\arm\CMSIS\Include\" --relaxed_fp                     #
#    List file    =  D:\Projects\3DPrint\SRC\MM32-F070-DELTA\Projects\EWARM\D #
#                    EBUG\List\RTT_Syscalls_IAR.lst                           #
#    Object file  =  D:\Projects\3DPrint\SRC\MM32-F070-DELTA\Projects\EWARM\D #
#                    EBUG\Obj\RTT_Syscalls_IAR.o                              #
#                                                                             #
#                                                                             #
###############################################################################

D:\Projects\3DPrint\SRC\MM32-F070-DELTA\Projects\src\rtt\RTT_Syscalls_IAR.c
      1          /*********************************************************************
      2          *               SEGGER MICROCONTROLLER GmbH & Co KG                  *
      3          *       Solutions for real time microcontroller applications         *
      4          **********************************************************************
      5          *                                                                    *
      6          *       (c) 2014  SEGGER Microcontroller GmbH & Co KG                *
      7          *                                                                    *
      8          *       www.segger.com     Support: support@segger.com               *
      9          *                                                                    *
     10          **********************************************************************
     11          
     12          ----------------------------------------------------------------------
     13          File    : RTT_Syscalls.c
     14          Purpose : Low-level functions for using printf() via RTT in IAR
     15          --------  END-OF-HEADER  ---------------------------------------------
     16          */
     17          #include <yfuns.h>
     18          #include "SEGGER_RTT.h"
     19          #pragma module_name = "?__write"
     20          
     21          /*********************************************************************
     22          *
     23          *       Function prototypes
     24          *
     25          **********************************************************************
     26          */
     27          size_t __write(int handle, const unsigned char * buffer, size_t size);
     28          
     29          /*********************************************************************
     30          *
     31          *       Global functions
     32          *
     33          **********************************************************************
     34          */
     35          /*********************************************************************
     36          *
     37          *       __write()
     38          *
     39          * Function description
     40          *   Low-level write function.
     41          *   libc subroutines will use this system routine for output to all files,
     42          *   including stdout.
     43          *   Write data via RTT.
     44          */
     45          size_t __write(int handle, const unsigned char * buffer, size_t size) {
     46            (void) handle;  /* Not used, avoid warning */
     47            SEGGER_RTT_Write(0, buffer, size);
     48            return size;
     49          }
     50          
     51          /****** End Of File *************************************************/

   Maximum stack usage in bytes:

   .cstack Function
   ------- --------
       8   __write
         8   -> SEGGER_RTT_Write


   Section sizes:

   Bytes  Function/Label
   -----  --------------
      14  __write

 
 14 bytes in section .text
 
 14 bytes of CODE memory

Errors: none
Warnings: 1
