###############################################################################
#
# IAR ANSI C/C++ Compiler V8.40.1.212/W32 for ARM         10/Oct/2019  17:00:23
# Copyright 1999-2019 IAR Systems AB.
#
#    Cpu mode     =  
#    Endian       =  little
#    Source file  =
#        D:\Projects\3DPrint\SRC\MM32-F070-DELTA-M200v3\Libraries\STM32_USB_Device_Library\Class\msc\src\usbd_msc_data.c
#    Command line =
#        -f C:\Users\yongzong\AppData\Local\Temp\EW49E6.tmp
#        (D:\Projects\3DPrint\SRC\MM32-F070-DELTA-M200v3\Libraries\STM32_USB_Device_Library\Class\msc\src\usbd_msc_data.c
#        -D USE_STDPERIPH_DRIVER -D USE_STM32072B_EVAL -D STM32F072 -lcN
#        D:\Projects\3DPrint\SRC\MM32-F070-DELTA-M200v3\Projects\EWARM\DEBUG\List
#        -o
#        D:\Projects\3DPrint\SRC\MM32-F070-DELTA-M200v3\Projects\EWARM\DEBUG\Obj
#        --debug --endian=little --cpu=Cortex-M0 -e --fpu=None --dlib_config
#        "C:\Program Files (x86)\IAR Systems\Embedded Workbench
#        8.3\arm\inc\c\DLib_Config_Normal.h" -I
#        D:\Projects\3DPrint\SRC\MM32-F070-DELTA-M200v3\Projects\EWARM\..\ -I
#        D:\Projects\3DPrint\SRC\MM32-F070-DELTA-M200v3\Projects\EWARM\..\inc\
#        -I
#        D:\Projects\3DPrint\SRC\MM32-F070-DELTA-M200v3\Projects\EWARM\..\src\fs\
#        -I
#        D:\Projects\3DPrint\SRC\MM32-F070-DELTA-M200v3\Projects\EWARM\..\src\js\
#        -I
#        D:\Projects\3DPrint\SRC\MM32-F070-DELTA-M200v3\Projects\EWARM\..\src\marlin\
#        -I
#        D:\Projects\3DPrint\SRC\MM32-F070-DELTA-M200v3\Projects\EWARM\..\src\rtt\
#        -I
#        D:\Projects\3DPrint\SRC\MM32-F070-DELTA-M200v3\Projects\EWARM\..\src\usb\
#        -I
#        D:\Projects\3DPrint\SRC\MM32-F070-DELTA-M200v3\Projects\EWARM\..\..\Libraries\CMSIS\Device\ST\STM32F0xx\Include\
#        -I
#        D:\Projects\3DPrint\SRC\MM32-F070-DELTA-M200v3\Projects\EWARM\..\..\Libraries\STM32F0xx_StdPeriph_Driver\inc\
#        -I
#        D:\Projects\3DPrint\SRC\MM32-F070-DELTA-M200v3\Projects\EWARM\..\..\Libraries\STM32_USB_Device_Driver\inc\
#        -I
#        D:\Projects\3DPrint\SRC\MM32-F070-DELTA-M200v3\Projects\EWARM\..\..\Libraries\STM32_USB_Device_Library\Core\inc\
#        -I
#        D:\Projects\3DPrint\SRC\MM32-F070-DELTA-M200v3\Projects\EWARM\..\..\Libraries\STM32_USB_Device_Library\Class\cdc\inc\
#        -I
#        D:\Projects\3DPrint\SRC\MM32-F070-DELTA-M200v3\Projects\EWARM\..\..\Libraries\STM32_USB_Device_Library\Class\hid\inc\
#        -I
#        D:\Projects\3DPrint\SRC\MM32-F070-DELTA-M200v3\Projects\EWARM\..\..\Libraries\STM32_USB_Device_Library\Class\cdc_msc_wrapper\inc\
#        -I
#        D:\Projects\3DPrint\SRC\MM32-F070-DELTA-M200v3\Projects\EWARM\..\..\Libraries\STM32_USB_Device_Library\Class\msc\inc\
#        -Ohz --use_c++_inline -I "C:\Program Files (x86)\IAR Systems\Embedded
#        Workbench 8.3\arm\CMSIS\Core\Include\" -I "C:\Program Files (x86)\IAR
#        Systems\Embedded Workbench 8.3\arm\CMSIS\DSP\Include\" --relaxed_fp)
#    Locale       =  C
#    List file    =
#        D:\Projects\3DPrint\SRC\MM32-F070-DELTA-M200v3\Projects\EWARM\DEBUG\List\usbd_msc_data.lst
#    Object file  =
#        D:\Projects\3DPrint\SRC\MM32-F070-DELTA-M200v3\Projects\EWARM\DEBUG\Obj\usbd_msc_data.o
#
###############################################################################

D:\Projects\3DPrint\SRC\MM32-F070-DELTA-M200v3\Libraries\STM32_USB_Device_Library\Class\msc\src\usbd_msc_data.c
      1          /**
      2            ******************************************************************************
      3            * @file    usbd_msc_data.c
      4            * @author  MCD Application Team
      5            * @version V1.0.1
      6            * @date    31-January-2014
      7            * @brief   This file provides all the vital inquiry pages and sense data.
      8            ******************************************************************************
      9            * @attention
     10            *
     11            * <h2><center>&copy; COPYRIGHT 2014 STMicroelectronics</center></h2>
     12            *
     13            * Licensed under MCD-ST Liberty SW License Agreement V2, (the "License");
     14            * You may not use this file except in compliance with the License.
     15            * You may obtain a copy of the License at:
     16            *
     17            *        http://www.st.com/software_license_agreement_liberty_v2
     18            *
     19            * Unless required by applicable law or agreed to in writing, software 
     20            * distributed under the License is distributed on an "AS IS" BASIS, 
     21            * WITHOUT WARRANTIES OR CONDITIONS OF ANY KIND, either express or implied.
     22            * See the License for the specific language governing permissions and
     23            * limitations under the License.
     24            *
     25            ******************************************************************************
     26            */ 
     27          
     28          /* Includes ------------------------------------------------------------------*/
     29          #include "usbd_msc_data.h"
     30          
     31          /* Private typedef -----------------------------------------------------------*/
     32          /* Private define ------------------------------------------------------------*/
     33          /* Private macro -------------------------------------------------------------*/
     34          /* Private variables ---------------------------------------------------------*/
     35          /* USB Mass storage Page 0 Inquiry Data */
     36          const uint8_t  MSC_Page00_Inquiry_Data[] = {//7						
     37          	0x00,		
     38          	0x00, 
     39          	0x00, 
     40          	(LENGTH_INQUIRY_PAGE00 - 4),
     41          	0x00, 
     42          	0x80, 
     43          	0x83 
     44          };  
     45          /* USB Mass storage sense 6  Data */
     46          const uint8_t  MSC_Mode_Sense6_data[] = {
     47          	0x00,
     48          	0x00,
     49          	0x00,
     50          	0x00,
     51          	0x00,
     52          	0x00, 
     53          	0x00,
     54          	0x00
     55          };	
     56          /* USB Mass storage sense 10  Data */
     57          const uint8_t  MSC_Mode_Sense10_data[] = {
     58          	0x00,
     59          	0x06, 
     60          	0x00, 
     61          	0x00, 
     62          	0x00, 
     63          	0x00, 
     64          	0x00, 
     65          	0x00
     66          };
     67          
     68          /* Private function prototypes -----------------------------------------------*/
     69          /* Private function ----------------------------------------------------------*/
     70          
     71          /************************ (C) COPYRIGHT STMicroelectronics *****END OF FILE****/


   Section sizes:

   Bytes  Function/Label
   -----  --------------
       8  MSC_Mode_Sense10_data
       8  MSC_Mode_Sense6_data
       8  MSC_Page00_Inquiry_Data

 
 24 bytes in section .rodata
 
 24 bytes of CONST memory

Errors: none
Warnings: none
